<?xml version="1.0" encoding="UTF-8"?>
<!-- Generated by org.testng.reporters.JUnitReportReporter -->
<testsuite skipped="0" hostname="arunkumarpi-gift" name="com.boss.qa.tests.HomePageTest" tests="2" failures="0" timestamp="26 May 2021 13:48:12 GMT" time="0.088" errors="0">
  <testcase name="verifyHomePageTitleTest" time="0.022" classname="com.boss.qa.tests.HomePageTest"/>
  <testcase name="verifyLogoOnHomePage" time="0.066" classname="com.boss.qa.tests.HomePageTest"/>
</testsuite> <!-- com.boss.qa.tests.HomePageTest -->
