<?xml version="1.0" encoding="UTF-8"?>
<!-- Generated by org.testng.reporters.JUnitReportReporter -->
<testsuite skipped="0" hostname="arunkumarpi-gift" name="com.boss.qa.tests.Cloud9EmpProductivityReportScheduleTest" tests="1" failures="0" timestamp="05 May 2021 11:01:29 GMT" time="23.443" errors="0">
  <testcase name="verifyReportSchedulerTest" time="23.443" classname="com.boss.qa.tests.Cloud9EmpProductivityReportScheduleTest"/>
</testsuite> <!-- com.boss.qa.tests.Cloud9EmpProductivityReportScheduleTest -->
