<?xml version="1.0" encoding="UTF-8"?>
<!-- Generated by org.testng.reporters.JUnitReportReporter -->
<testsuite skipped="0" hostname="arunkumarpi-gift" name="com.boss.qa.tests.HomePageTest" tests="2" failures="0" timestamp="01 May 2021 09:45:44 GMT" time="0.206" errors="0">
  <testcase name="verifyHomePageTitleTest" time="0.155" classname="com.boss.qa.tests.HomePageTest"/>
  <testcase name="verifyLogoOnHomePage" time="0.051" classname="com.boss.qa.tests.HomePageTest"/>
</testsuite> <!-- com.boss.qa.tests.HomePageTest -->
