<?xml version="1.0" encoding="UTF-8"?>
<!-- Generated by org.testng.reporters.JUnitReportReporter -->
<testsuite skipped="0" hostname="arunkumarpi-gift" name="com.boss.qa.tests.LoginPageTest" tests="2" failures="0" timestamp="01 May 2021 09:45:44 GMT" time="8.148" errors="0">
  <testcase name="verifyLoginPageTitleTest" time="0.011" classname="com.boss.qa.tests.LoginPageTest"/>
  <testcase name="verifyLoginTest" time="8.137" classname="com.boss.qa.tests.LoginPageTest"/>
</testsuite> <!-- com.boss.qa.tests.LoginPageTest -->
